# JRE version: Java(TM) SE Runtime Environment (8.0_92-b14) (build 1.8.0_92-b14)
# Java VM: Java HotSpot(TM) 64-Bit Server VM (25.92-b14 mixed mode windows-amd64 compressed oops)
Heap:
 PSYoungGen      total 97792K, used 67275K [0x000000076b500000, 0x0000000772280000, 0x00000007c0000000)
  eden space 87552K, 65% used [0x000000076b500000,0x000000076ed00c28,0x0000000770a80000)
  from space 10240K, 96% used [0x0000000771880000,0x0000000772232280,0x0000000772280000)
  to   space 10752K, 0% used [0x0000000770d80000,0x0000000770d80000,0x0000000771800000)
 ParOldGen       total 119296K, used 21571K [0x00000006c1e00000, 0x00000006c9280000, 0x000000076b500000)
  object space 119296K, 18% used [0x00000006c1e00000,0x00000006c3310f60,0x00000006c9280000)
 Metaspace       used 31464K, capacity 32458K, committed 32768K, reserved 1077248K
  class space    used 4028K, capacity 4241K, committed 4352K, reserved 1048576K
GC Heap History (10 events):
Event: 5.855 GC heap before
{Heap before GC invocations=1 (full 0):
 PSYoungGen      total 76288K, used 64848K [0x000000076b500000, 0x0000000770a00000, 0x00000007c0000000)
  eden space 65536K, 98% used [0x000000076b500000,0x000000076f4541c8,0x000000076f500000)
  from space 10752K, 0% used [0x000000076ff80000,0x000000076ff80000,0x0000000770a00000)
  to   space 10752K, 0% used [0x000000076f500000,0x000000076f500000,0x000000076ff80000)
 ParOldGen       total 175104K, used 0K [0x00000006c1e00000, 0x00000006cc900000, 0x000000076b500000)
  object space 175104K, 0% used [0x00000006c1e00000,0x00000006c1e00000,0x00000006cc900000)
 Metaspace       used 20389K, capacity 21124K, committed 21248K, reserved 1067008K
  class space    used 2804K, capacity 2998K, committed 3072K, reserved 1048576K
Event: 5.877 GC heap after
Heap after GC invocations=1 (full 0):
 PSYoungGen      total 76288K, used 7098K [0x000000076b500000, 0x0000000770a00000, 0x00000007c0000000)
  eden space 65536K, 0% used [0x000000076b500000,0x000000076b500000,0x000000076f500000)
  from space 10752K, 66% used [0x000000076f500000,0x000000076fbeeb50,0x000000076ff80000)
  to   space 10752K, 0% used [0x000000076ff80000,0x000000076ff80000,0x0000000770a00000)
 ParOldGen       total 175104K, used 16K [0x00000006c1e00000, 0x00000006cc900000, 0x000000076b500000)
  object space 175104K, 0% used [0x00000006c1e00000,0x00000006c1e04000,0x00000006cc900000)
 Metaspace       used 20389K, capacity 21124K, committed 21248K, reserved 1067008K
  class space    used 2804K, capacity 2998K, committed 3072K, reserved 1048576K
}
Event: 5.877 GC heap before
{Heap before GC invocations=2 (full 1):
 PSYoungGen      total 76288K, used 7098K [0x000000076b500000, 0x0000000770a00000, 0x00000007c0000000)
  eden space 65536K, 0% used [0x000000076b500000,0x000000076b500000,0x000000076f500000)
  from space 10752K, 66% used [0x000000076f500000,0x000000076fbeeb50,0x000000076ff80000)
  to   space 10752K, 0% used [0x000000076ff80000,0x000000076ff80000,0x0000000770a00000)
 ParOldGen       total 175104K, used 16K [0x00000006c1e00000, 0x00000006cc900000, 0x000000076b500000)
  object space 175104K, 0% used [0x00000006c1e00000,0x00000006c1e04000,0x00000006cc900000)
 Metaspace       used 20389K, capacity 21124K, committed 21248K, reserved 1067008K
  class space    used 2804K, capacity 2998K, committed 3072K, reserved 1048576K
Event: 5.930 GC heap after
Heap after GC invocations=2 (full 1):
 PSYoungGen      total 76288K, used 0K [0x000000076b500000, 0x0000000770a00000, 0x00000007c0000000)
  eden space 65536K, 0% used [0x000000076b500000,0x000000076b500000,0x000000076f500000)
  from space 10752K, 0% used [0x000000076f500000,0x000000076f500000,0x000000076ff80000)
  to   space 10752K, 0% used [0x000000076ff80000,0x000000076ff80000,0x0000000770a00000)
 ParOldGen       total 119296K, used 6795K [0x00000006c1e00000, 0x00000006c9280000, 0x000000076b500000)
  object space 119296K, 5% used [0x00000006c1e00000,0x00000006c24a2f40,0x00000006c9280000)
 Metaspace       used 20389K, capacity 21124K, committed 21248K, reserved 1067008K
  class space    used 2804K, capacity 2998K, committed 3072K, reserved 1048576K
}
Event: 7.145 GC heap before
{Heap before GC invocations=3 (full 1):
 PSYoungGen      total 76288K, used 65536K [0x000000076b500000, 0x0000000770a00000, 0x00000007c0000000)
  eden space 65536K, 100% used [0x000000076b500000,0x000000076f500000,0x000000076f500000)
  from space 10752K, 0% used [0x000000076f500000,0x000000076f500000,0x000000076ff80000)
  to   space 10752K, 0% used [0x000000076ff80000,0x000000076ff80000,0x0000000770a00000)
 ParOldGen       total 119296K, used 6795K [0x00000006c1e00000, 0x00000006c9280000, 0x000000076b500000)
  object space 119296K, 5% used [0x00000006c1e00000,0x00000006c24a2f40,0x00000006c9280000)
 Metaspace       used 27214K, capacity 28120K, committed 28288K, reserved 1073152K
  class space    used 3698K, capacity 3930K, committed 3968K, reserved 1048576K
Event: 7.159 GC heap after
Heap after GC invocations=3 (full 1):
 PSYoungGen      total 76288K, used 10749K [0x000000076b500000, 0x0000000772700000, 0x00000007c0000000)
  eden space 65536K, 0% used [0x000000076b500000,0x000000076b500000,0x000000076f500000)
  from space 10752K, 99% used [0x000000076ff80000,0x00000007709ff668,0x0000000770a00000)
  to   space 10752K, 0% used [0x000000076f500000,0x000000076f500000,0x000000076ff80000)
 ParOldGen       total 119296K, used 10280K [0x00000006c1e00000, 0x00000006c9280000, 0x000000076b500000)
  object space 119296K, 8% used [0x00000006c1e00000,0x00000006c280a310,0x00000006c9280000)
 Metaspace       used 27214K, capacity 28120K, committed 28288K, reserved 1073152K
  class space    used 3698K, capacity 3930K, committed 3968K, reserved 1048576K
}
Event: 12.389 GC heap before
{Heap before GC invocations=4 (full 1):
 PSYoungGen      total 76288K, used 76020K [0x000000076b500000, 0x0000000772700000, 0x00000007c0000000)
  eden space 65536K, 99% used [0x000000076b500000,0x000000076f4bdba8,0x000000076f500000)
  from space 10752K, 99% used [0x000000076ff80000,0x00000007709ff668,0x0000000770a00000)
  to   space 10752K, 0% used [0x000000076f500000,0x000000076f500000,0x000000076ff80000)
 ParOldGen       total 119296K, used 10280K [0x00000006c1e00000, 0x00000006c9280000, 0x000000076b500000)
  object space 119296K, 8% used [0x00000006c1e00000,0x00000006c280a310,0x00000006c9280000)
 Metaspace       used 30099K, capacity 31070K, committed 31488K, reserved 1077248K
  class space    used 3989K, capacity 4237K, committed 4352K, reserved 1048576K
Event: 12.402 GC heap after
Heap after GC invocations=4 (full 1):
 PSYoungGen      total 76288K, used 9997K [0x000000076b500000, 0x0000000772300000, 0x00000007c0000000)
  eden space 65536K, 0% used [0x000000076b500000,0x000000076b500000,0x000000076f500000)
  from space 10752K, 92% used [0x000000076f500000,0x000000076fec35b8,0x000000076ff80000)
  to   space 10752K, 0% used [0x0000000771880000,0x0000000771880000,0x0000000772300000)
 ParOldGen       total 119296K, used 17188K [0x00000006c1e00000, 0x00000006c9280000, 0x000000076b500000)
  object space 119296K, 14% used [0x00000006c1e00000,0x00000006c2ec9340,0x00000006c9280000)
 Metaspace       used 30099K, capacity 31070K, committed 31488K, reserved 1077248K
  class space    used 3989K, capacity 4237K, committed 4352K, reserved 1048576K
}
Event: 28.139 GC heap before
{Heap before GC invocations=5 (full 1):
 PSYoungGen      total 76288K, used 75533K [0x000000076b500000, 0x0000000772300000, 0x00000007c0000000)
  eden space 65536K, 100% used [0x000000076b500000,0x000000076f500000,0x000000076f500000)
  from space 10752K, 92% used [0x000000076f500000,0x000000076fec35b8,0x000000076ff80000)
  to   space 10752K, 0% used [0x0000000771880000,0x0000000771880000,0x0000000772300000)
 ParOldGen       total 119296K, used 17188K [0x00000006c1e00000, 0x00000006c9280000, 0x000000076b500000)
  object space 119296K, 14% used [0x00000006c1e00000,0x00000006c2ec9340,0x00000006c9280000)
 Metaspace       used 31017K, capacity 32010K, committed 32256K, reserved 1077248K
  class space    used 4027K, capacity 4241K, committed 4352K, reserved 1048576K
Event: 28.154 GC heap after
Heap after GC invocations=5 (full 1):
 PSYoungGen      total 97792K, used 9928K [0x000000076b500000, 0x0000000772280000, 0x00000007c0000000)
  eden space 87552K, 0% used [0x000000076b500000,0x000000076b500000,0x0000000770a80000)
  from space 10240K, 96% used [0x0000000771880000,0x0000000772232280,0x0000000772280000)
  to   space 10752K, 0% used [0x0000000770d80000,0x0000000770d80000,0x0000000771800000)
 ParOldGen       total 119296K, used 21571K [0x00000006c1e00000, 0x00000006c9280000, 0x000000076b500000)
  object space 119296K, 18% used [0x00000006c1e00000,0x00000006c3310f60,0x00000006c9280000)
 Metaspace       used 31017K, capacity 32010K, committed 32256K, reserved 1077248K
  class space    used 4027K, capacity 4241K, committed 4352K, reserved 1048576K
}

